<?xml version="1.0" encoding="UTF-8"?>
<testsuite xmlns:xsi="http://www.w3.org/2001/XMLSchema-instance" xsi:noNamespaceSchemaLocation="https://maven.apache.org/surefire/maven-surefire-plugin/xsd/surefire-test-report-3.0.xsd" version="3.0" name="com.kristiania.exam.services.PurchaseServiceTest" time="1.504" tests="5" errors="0" skipped="0" failures="0">
  <properties>
[...]
</properties>
  <testcase name="testFilterPurchasesByTrip" classname="com.kristiania.exam.services.PurchaseServiceTest" time="0.376"/>
  <testcase name="testFilterPurchasesByUser" classname="com.kristiania.exam.services.PurchaseServiceTest" time="0.252"/>
  <testcase name="testDeletePurchase" classname="com.kristiania.exam.services.PurchaseServiceTest" time="0.327"/>
  <testcase name="testCreatePurchase" classname="com.kristiania.exam.services.PurchaseServiceTest" time="0.245"/>
  <testcase name="testPurchaseLootByRedeemCurrency" classname="com.kristiania.exam.services.PurchaseServiceTest" time="0.222"/>
</testsuite>